<?xml version='1.0' encoding='UTF-8' ?>
<testsuite name="net.san.offline.PortTest" tests="2" failures="0" errors="0" skipped="0" time="48.899" timestamp="2026-09-08T15:09:40" hostname="localhost">
  <properties>
    <property name="device" value="emulator-5554 - 16" />
    <property name="flavor" value="" />
    <property name="project" value=":app" />
  </properties>
  <testcase name="originalGameBootsAndLoadsNewGameOffline" classname="net.san.offline.PortTest" time="43.889" />
  <testcase name="spriteTransformsAndClipReplacementAreCorrect" classname="net.san.offline.PortTest" time="0.082" />
</testsuite>