<?xml version='1.0' encoding='UTF-8' ?>
<testsuite name="net.san.offline.PortTest" tests="2" failures="1" errors="0" skipped="0" time="35.34" timestamp="2026-09-08T14:56:58" hostname="localhost">
  <properties>
    <property name="device" value="emulator-5554 - 10" />
    <property name="flavor" value="" />
    <property name="project" value=":app" />
  </properties>
  <testcase name="originalGameBootsAndLoadsNewGameOffline" classname="net.san.offline.PortTest" time="34.241">
    <failure>java.lang.AssertionError: Resumes on return
at org.junit.Assert.fail(Assert.java:89)
at org.junit.Assert.assertTrue(Assert.java:42)
at org.junit.Assert.assertFalse(Assert.java:65)
at net.san.offline.PortTest.originalGameBootsAndLoadsNewGameOffline(PortTest.java:121)
</failure>
  </testcase>
  <testcase name="spriteTransformsAndClipReplacementAreCorrect" classname="net.san.offline.PortTest" time="0.001" />
</testsuite>