<?xml version='1.0' encoding='UTF-8' ?>
<testsuite name="net.san.offline.PortTest" tests="2" failures="0" errors="0" skipped="0" time="39.39" timestamp="2026-09-08T14:35:56" hostname="localhost">
  <properties>
    <property name="device" value="emulator-5554 - 16" />
    <property name="flavor" value="" />
    <property name="project" value=":app" />
  </properties>
  <testcase name="originalGameBootsAndLoadsNewGameOffline" classname="net.san.offline.PortTest" time="35.641" />
  <testcase name="spriteTransformsAndClipReplacementAreCorrect" classname="net.san.offline.PortTest" time="0.011" />
</testsuite>