<?xml version='1.0' encoding='UTF-8' ?>
<testsuite name="net.san.offline.PortTest" tests="2" failures="1" errors="0" skipped="0" time="27.58" timestamp="2026-09-08T14:48:12" hostname="localhost">
  <properties>
    <property name="device" value="emulator-5554 - 10" />
    <property name="flavor" value="" />
    <property name="project" value=":app" />
  </properties>
  <testcase name="originalGameBootsAndLoadsNewGameOffline" classname="net.san.offline.PortTest" time="26.022">
    <failure>java.lang.AssertionError: Native right direction held
at org.junit.Assert.fail(Assert.java:89)
at org.junit.Assert.assertTrue(Assert.java:42)
at net.san.offline.PortTest.nativeMultiTouch(PortTest.java:61)
at net.san.offline.PortTest.originalGameBootsAndLoadsNewGameOffline(PortTest.java:83)
</failure>
  </testcase>
  <testcase name="spriteTransformsAndClipReplacementAreCorrect" classname="net.san.offline.PortTest" time="0.002" />
</testsuite>