<?xml version="1.0" encoding="UTF-8"?>
<testsuite name="net.san.offline.RecordFilesTest" tests="4" skipped="0" failures="0" errors="0" timestamp="2026-09-08T14:46:01.197Z" hostname="runnervmejwal" time="0.023">
  <properties/>
  <testcase name="persistsAndReturnsIndependentCopies" classname="net.san.offline.RecordFilesTest" time="0.014"/>
  <testcase name="closedStoreCannotRead" classname="net.san.offline.RecordFilesTest" time="0.001"/>
  <testcase name="rejectsTraversal" classname="net.san.offline.RecordFilesTest" time="0.001"/>
  <testcase name="originalDeleteThenAddReplacesRecordOne" classname="net.san.offline.RecordFilesTest" time="0.007"/>
  <system-out><![CDATA[]]></system-out>
  <system-err><![CDATA[]]></system-err>
</testsuite>
