<?xml version="1.0" encoding="UTF-8"?>
<testsuite name="net.san.offline.TouchKeysTest" tests="3" skipped="0" failures="0" errors="0" timestamp="2026-09-08T15:04:13.192Z" hostname="runnervmejwal" time="0.003">
  <properties/>
  <testcase name="twoPointersSharingKeyDoNotReleaseEachOther" classname="net.san.offline.TouchKeysTest" time="0.002"/>
  <testcase name="supportsMovementAndFireAndIndependentRelease" classname="net.san.offline.TouchKeysTest" time="0.0"/>
  <testcase name="slidingDirectionReleasesOldKey" classname="net.san.offline.TouchKeysTest" time="0.001"/>
  <system-out><![CDATA[]]></system-out>
  <system-err><![CDATA[]]></system-err>
</testsuite>
